C51 COMPILER V9.01   LCD                                                                   01/07/2019 16:31:18 PAGE 1   


C51 COMPILER V9.01, COMPILATION OF MODULE LCD
OBJECT MODULE PLACED IN lcd.OBJ
COMPILER INVOKED BY: C:\Keil\C51\BIN\C51.EXE lcd.c COMPACT BROWSE DEBUG OBJECTEXTEND

line level    source

   1          #include"lcd.h"
   2          #define uchar unsigned char  
   3          #define uint  unsigned int      
   4          
   5          
   6          void Lcd1602_Delay1ms(uint c)   //误差 0us
   7          {
   8   1          uchar a,b;
   9   1              for (; c>0; c--)
  10   1              {
  11   2                       for (b=199;b>0;b--)
  12   2                       {
  13   3                              for(a=1;a>0;a--);
  14   3                       }      
  15   2              }
  16   1              
  17   1      }
  18          
  19          void LcdWriteCom(uchar com)       //写入命令
  20          {
  21   1              LCD1602_E = 0;     //使能
  22   1              LCD1602_RS = 0;    //选择发送命令
  23   1              LCD1602_RW = 0;    //选择写入
  24   1              
  25   1              LCD1602_DATAPINS = com;     //放入命令
  26   1              Lcd1602_Delay1ms(1);            //等待数据稳定
  27   1      
  28   1              LCD1602_E = 1;            //写入时序
  29   1              Lcd1602_Delay1ms(5);      //保持时间
  30   1              LCD1602_E = 0;
  31   1      }
  32          
  33          void LcdWriteData(uchar dat)                    //写入数据
  34          {
  35   1              LCD1602_E = 0;  //使能清零
  36   1              LCD1602_RS = 1; //选择输入数据
  37   1              LCD1602_RW = 0; //选择写入
  38   1      
  39   1              LCD1602_DATAPINS = dat; //写入数据
  40   1              Lcd1602_Delay1ms(1);
  41   1      
  42   1              LCD1602_E = 1;   //写入时序
  43   1              Lcd1602_Delay1ms(5);   //保持时间
  44   1              LCD1602_E = 0;
  45   1      }
  46          
  47          void LcdInit()                                            //LCD初始化子程序
  48          {
  49   1              LcdWriteCom(0x38);  //开显示
  50   1              LcdWriteCom(0x0c);  //开显示不显示光标
  51   1              LcdWriteCom(0x06);  //写一个指针加1
  52   1              LcdWriteCom(0x01);  //清屏
  53   1              LcdWriteCom(0x80);  //设置数据指针起点
  54   1      }
  55          
C51 COMPILER V9.01   LCD                                                                   01/07/2019 16:31:18 PAGE 2   

  56          void LcdWrite_Row_Data(uchar row,uchar add,uchar *p)
  57          {
  58   1        if(row == 1)
  59   1              LcdWriteCom(0x80+add);
  60   1        else
  61   1              LcdWriteCom(0x80+0x40+add);
  62   1        while(1)
  63   1        {
  64   2              if(*p == '\0') break;
  65   2              LcdWriteData(*p);
  66   2              p++;
  67   2        }
  68   1      }
  69          
  70          
  71          
  72          
  73          
  74          
  75          
  76          
  77          
  78          
  79          
  80          
  81          


MODULE INFORMATION:   STATIC OVERLAYABLE
   CODE SIZE        =    128    ----
   CONSTANT SIZE    =   ----    ----
   XDATA SIZE       =   ----    ----
   PDATA SIZE       =   ----       1
   DATA SIZE        =   ----    ----
   IDATA SIZE       =   ----    ----
   BIT SIZE         =   ----    ----
END OF MODULE INFORMATION.


C51 COMPILATION COMPLETE.  0 WARNING(S),  0 ERROR(S)
