C51 COMPILER V9.01   UART                                                                  01/04/2019 15:30:34 PAGE 1   


C51 COMPILER V9.01, COMPILATION OF MODULE UART
OBJECT MODULE PLACED IN uart.OBJ
COMPILER INVOKED BY: C:\Keil\C51\BIN\C51.EXE uart.c LARGE BROWSE DEBUG OBJECTEXTEND

line level    source

   1          #include "reg51.h"
   2          #include "main.h"
   3          #include "uart.h"
   4          #include "timer.h"
   5          
   6          INT8U data UartBuf[UART_MAX_LEN] = { 0 };
   7          INT8U UartCount = 0, UartLen = 0, UartStart = FALSE, UartComp = FALSE;
   8          
   9          /**********************************************************************
  10          functionName:putChar(BYTE sentData)
  11          description:通过串口发送数据sentData
  12          **********************************************************************/
  13          void send_byte( INT8U SendData )
  14          {
  15   1              ES = 0;
  16   1              TI = 0;
  17   1              SBUF = SendData;
  18   1              while( TI == 0 );
  19   1              TI = 0;
  20   1              ES = 1;
  21   1      }
  22          
  23          
  24          void send_bytes( INT8U *Buf, INT8U Len )
  25          {
  26   1              while( Len-- )
  27   1              {
  28   2                      send_byte( *Buf++ );    
  29   2              }
  30   1      }
  31          
  32          
  33          /**********************************************************************
  34          串口发送格式：fe  cmdlen  datalen cxx cxx dxx dxx dxx ... check
  35          **********************************************************************/
  36          void uart_interrupt_receive(void) interrupt 4
  37          {
  38   1              INT8U ReByte;
  39   1              if( RI == 1 )
  40   1              {
  41   2                      RI = 0;
  42   2                      UartWaitTime = 0;
  43   2                      ReByte = SBUF;
  44   2      
  45   2                      //send_byte( ReByte );
  46   2                      
  47   2                      if( ( UartStart == FALSE ) && ( ReByte == 0xFE ) ) //FE为起始码
  48   2                      {
  49   3                              UartStart = TRUE;
  50   3                              UartCount = 0;
  51   3                              UartLen = 255;
  52   3                      }
  53   2      
  54   2                      else if( UartStart == TRUE )  //已经开始了接收数据
  55   2                      {
C51 COMPILER V9.01   UART                                                                  01/04/2019 15:30:34 PAGE 2   

  56   3                              UartBuf[ UartCount++ ] = ReByte;
  57   3                              if( UartCount == 2 )
  58   3                              {
  59   4                                      UartLen = UartBuf[0] + UartBuf[1] + 3;
  60   4                              }
  61   3                              else if( UartCount >= UartLen )
  62   3                              {
  63   4                                      UartComp = TRUE;
  64   4                              }
  65   3                              if( UartCount >= 45 )
  66   3                              {
  67   4                                      UartCount = 45;
  68   4                              }
  69   3                      }
  70   2              }
  71   1      }
  72          
  73          //UART0 initialize
  74          // desired baud rate: 9600
  75          // actual: baud rate:9600 (0.0%)
  76          // char size: 8 bit
  77          // parity: Disabled
  78          
  79          void init_uart(void)
  80          {
  81   1              SCON = 0x50;
  82   1              ES=1;
  83   1      }


MODULE INFORMATION:   STATIC OVERLAYABLE
   CODE SIZE        =    203    ----
   CONSTANT SIZE    =   ----    ----
   XDATA SIZE       =      4       3
   PDATA SIZE       =   ----    ----
   DATA SIZE        =     50    ----
   IDATA SIZE       =   ----    ----
   BIT SIZE         =   ----    ----
END OF MODULE INFORMATION.


C51 COMPILATION COMPLETE.  0 WARNING(S),  0 ERROR(S)
